Build started 4/22/2014 2:47:57 PM.
     1>Project "D:\PGS\sxsw\KinectPlugin\ShapeDetectionUnity\ShapeDectectionUnity\ShapeDectectionUnity.vcxproj" on node 2 (build target(s)).
     1>InitializeBuildStatus:
         Creating "Release\ShapeDetectionUnity.unsuccessfulbuild" because "AlwaysCreate" was specified.
       ClCompile:
         All outputs are up-to-date.
         D:\Program Files (x86)\Microsoft Visual Studio 10.0\VC\bin\CL.exe /c /ID:\openCV\opencv\build\x86\vc11\..\..\include /Zi /nologo /W3 /WX- /O2 /Oi /Oy- /GL /D _WINDLL /D _UNICODE /D UNICODE /Gm- /EHsc /MD /GS /Gy /fp:precise /Zc:wchar_t /Zc:forScope /Fo"Release\\" /Fd"Release\vc100.pdb" /Gd /TP /analyze- /errorReport:prompt ColorBasics.cpp main.cpp Plugin.cpp
         ColorBasics.cpp
     1>ColorBasics.cpp(204): warning C4101: 'iplimg' : unreferenced local variable
     1>ColorBasics.cpp(319): warning C4102: 'ReleaseFrame' : unreferenced label
     1>ColorBasics.cpp(341): warning C4309: '=' : truncation of constant value
     1>ColorBasics.cpp(382): warning C4018: '<' : signed/unsigned mismatch
     1>ColorBasics.cpp(395): warning C4018: '<' : signed/unsigned mismatch
     1>ColorBasics.cpp(400): warning C4244: '=' : conversion from 'int' to 'float', possible loss of data
     1>ColorBasics.cpp(401): warning C4244: '=' : conversion from 'int' to 'float', possible loss of data
     1>ColorBasics.cpp(403): warning C4244: '=' : conversion from 'int' to 'float', possible loss of data
     1>ColorBasics.cpp(404): warning C4244: '=' : conversion from 'int' to 'float', possible loss of data
     1>ColorBasics.cpp(412): warning C4244: '=' : conversion from 'int' to 'float', possible loss of data
     1>ColorBasics.cpp(413): warning C4244: '=' : conversion from 'int' to 'float', possible loss of data
     1>ColorBasics.cpp(415): warning C4018: '<' : signed/unsigned mismatch
     1>ColorBasics.cpp(417): warning C4244: '=' : conversion from 'int' to 'float', possible loss of data
     1>ColorBasics.cpp(418): warning C4244: '=' : conversion from 'int' to 'float', possible loss of data
     1>ColorBasics.cpp(430): warning C4244: '=' : conversion from 'double' to 'float', possible loss of data
     1>ColorBasics.cpp(431): warning C4244: '=' : conversion from 'double' to 'float', possible loss of data
     1>ColorBasics.cpp(432): warning C4244: '=' : conversion from 'double' to 'float', possible loss of data
         main.cpp
         Plugin.cpp
     1>Plugin.cpp(53): warning C4244: '=' : conversion from 'float' to 'int', possible loss of data
     1>Plugin.cpp(54): warning C4244: '=' : conversion from 'float' to 'int', possible loss of data
     1>Plugin.cpp(69): warning C4390: ';' : empty controlled statement found; is this the intent?
       Link:
         D:\Program Files (x86)\Microsoft Visual Studio 10.0\VC\bin\link.exe /ERRORREPORT:PROMPT /OUT:"D:\PGS\sxsw\KinectPlugin\ShapeDetectionUnity\Release\ShapeDetectionUnity.dll" /NOLOGO /LIBPATH:D:\openCV\opencv\build\x86\vc11\lib opencv_core248.lib opencv_imgproc248.lib opencv_highgui248.lib kernel32.lib user32.lib winspool.lib comdlg32.lib advapi32.lib shell32.lib ole32.lib oleaut32.lib uuid.lib odbc32.lib odbccp32.lib Kinect10.lib kernel32.lib user32.lib gdi32.lib winspool.lib comdlg32.lib advapi32.lib shell32.lib ole32.lib oleaut32.lib uuid.lib odbc32.lib odbccp32.lib /MANIFEST /ManifestFile:"Release\ShapeDetectionUnity.dll.intermediate.manifest" /MANIFESTUAC:"level='asInvoker' uiAccess='false'" /DEBUG /PDB:"D:\PGS\sxsw\KinectPlugin\ShapeDetectionUnity\Release\ShapeDetectionUnity.pdb" /OPT:REF /OPT:ICF /LTCG /TLBID:1 /DYNAMICBASE /NXCOMPAT /IMPLIB:"D:\PGS\sxsw\KinectPlugin\ShapeDetectionUnity\Release\ShapeDetectionUnity.lib" /MACHINE:X86 /DLL Release\ColorBasics.obj
         Release\main.obj
         Release\Plugin.obj
            Creating library D:\PGS\sxsw\KinectPlugin\ShapeDetectionUnity\Release\ShapeDetectionUnity.lib and object D:\PGS\sxsw\KinectPlugin\ShapeDetectionUnity\Release\ShapeDetectionUnity.exp
         Generating code
         Finished generating code
         ShapeDectectionUnity.vcxproj -> D:\PGS\sxsw\KinectPlugin\ShapeDetectionUnity\Release\ShapeDetectionUnity.dll
       Manifest:
         C:\Program Files (x86)\Microsoft SDKs\Windows\v7.0A\bin\mt.exe /nologo /verbose /outputresource:"D:\PGS\sxsw\KinectPlugin\ShapeDetectionUnity\Release\ShapeDetectionUnity.dll;#2" /manifest Release\ShapeDetectionUnity.dll.intermediate.manifest
       FinalizeBuildStatus:
         Deleting file "Release\ShapeDetectionUnity.unsuccessfulbuild".
         Touching "Release\ShapeDetectionUnity.lastbuildstate".
     1>Done Building Project "D:\PGS\sxsw\KinectPlugin\ShapeDetectionUnity\ShapeDectectionUnity\ShapeDectectionUnity.vcxproj" (build target(s)).

Build succeeded.

Time Elapsed 00:00:06.32
